<?xml version="1.0" encoding="UTF-8"?>
<!-- Generated by org.testng.reporters.JUnitReportReporter -->
<testsuite skipped="0" hostname="LPF1K68SH" name="com.selenium.web.test.ipro.Ipro" tests="1" failures="0" timestamp="2020-03-09T10:16:38 PDT" time="213.320" errors="0">
  <testcase name="test01_Ipro_Epro_OES" time="213.320" classname="com.selenium.web.test.ipro.Ipro"/>
</testsuite> <!-- com.selenium.web.test.ipro.Ipro -->
