<?xml version="1.0" encoding="UTF-8"?>
<!-- Generated by org.testng.reporters.JUnitReportReporter -->
<testsuite skipped="0" hostname="LPF1K68SH" name="com.api.tests.OAUTH2GrantTypeTestCase" tests="1" failures="0" timestamp="2019-11-05T10:51:41 PST" time="6.080" errors="0">
  <testcase name="testOAuthWithAuthorizationCode" time="6.080" classname="com.api.tests.OAUTH2GrantTypeTestCase"/>
</testsuite> <!-- com.api.tests.OAUTH2GrantTypeTestCase -->
